<?xml version="1.0" encoding="UTF-8"?>
<!-- Generated by org.testng.reporters.JUnitReportReporter -->
<testsuite hostname="DESKTOP-24CUK9I" failures="0" tests="3" name="api.tests.UserTests" time="8.942" errors="0" timestamp="2024-03-22T15:48:37 IST" skipped="0">
  <testcase classname="api.tests.UserTests" name="testPostUser" time="3.724"/>
  <system-out/>
  <testcase classname="api.tests.UserTests" name="getUser" time="1.724"/>
  <system-out/>
  <testcase classname="api.tests.UserTests" name="updateUser" time="3.494"/>
  <system-out/>
</testsuite> <!-- api.tests.UserTests -->
